<?xml version="1.0" encoding="UTF-8"?>
<testsuite name="webtech.savingzapp.SavingzAppApplicationTests" tests="1" skipped="0" failures="0" errors="0" timestamp="2024-05-15T08:51:55" hostname="Anhs-MacBook-Pro.local" time="0.471">
  <properties/>
  <testcase name="contextLoads()" classname="webtech.savingzapp.SavingzAppApplicationTests" time="0.471"/>
  <system-out><![CDATA[10:51:54.960 [Test worker] INFO org.springframework.test.context.support.AnnotationConfigContextLoaderUtils -- Could not detect default configuration classes for test class [webtech.savingzapp.SavingzAppApplicationTests]: SavingzAppApplicationTests does not declare any static, non-private, non-final, nested classes annotated with @Configuration.
10:51:55.014 [Test worker] INFO org.springframework.boot.test.context.SpringBootTestContextBootstrapper -- Found @SpringBootConfiguration webtech.savingzapp.SavingzAppApplication for test class webtech.savingzapp.SavingzAppApplicationTests

  .   ____          _            __ _ _
 /\\ / ___'_ __ _ _(_)_ __  __ _ \ \ \ \
( ( )\___ | '_ | '_| | '_ \/ _` | \ \ \ \
 \\/  ___)| |_)| | | | | || (_| |  ) ) ) )
  '  |____| .__|_| |_|_| |_\__, | / / / /
 =========|_|==============|___/=/_/_/_/
 :: Spring Boot ::                (v3.2.5)

2024-05-15T10:51:55.185+02:00  INFO 90722 --- [savingz-app] [    Test worker] w.savingzapp.SavingzAppApplicationTests  : Starting SavingzAppApplicationTests using Java 21 with PID 90722 (started by ducanh in /Users/ducanh/IdeaProjects/savingz)
2024-05-15T10:51:55.186+02:00  INFO 90722 --- [savingz-app] [    Test worker] w.savingzapp.SavingzAppApplicationTests  : No active profile set, falling back to 1 default profile: "default"
2024-05-15T10:51:55.697+02:00  INFO 90722 --- [savingz-app] [    Test worker] w.savingzapp.SavingzAppApplicationTests  : Started SavingzAppApplicationTests in 0.624 seconds (process running for 1.224)
]]></system-out>
  <system-err><![CDATA[WARNING: A Java agent has been loaded dynamically (/Users/ducanh/.gradle/caches/modules-2/files-2.1/net.bytebuddy/byte-buddy-agent/1.14.13/979ce25f7d3096a2e82214ba7dc972a05ce7a171/byte-buddy-agent-1.14.13.jar)
WARNING: If a serviceability tool is in use, please run with -XX:+EnableDynamicAgentLoading to hide this warning
WARNING: If a serviceability tool is not in use, please run with -Djdk.instrument.traceUsage for more information
WARNING: Dynamic loading of agents will be disallowed by default in a future release
]]></system-err>
</testsuite>
